2024-08-01T17:16:35.621+06:00  INFO 21540 --- [airline] [restartedMain] com.apurba.airline.AirlineApplication    : Starting AirlineApplication using Java 19.0.2 with PID 21540 (D:\MyPractice\assessment\apb_tech\airline\target\classes started by mushfiq.fuad in D:\MyPractice\assessment\apb_tech\airline)
2024-08-01T17:16:35.624+06:00  INFO 21540 --- [airline] [restartedMain] com.apurba.airline.AirlineApplication    : No active profile set, falling back to 1 default profile: "default"
2024-08-01T17:16:35.685+06:00  INFO 21540 --- [airline] [restartedMain] .e.DevToolsPropertyDefaultsPostProcessor : Devtools property defaults active! Set 'spring.devtools.add-properties' to 'false' to disable
2024-08-01T17:16:35.686+06:00  INFO 21540 --- [airline] [restartedMain] .e.DevToolsPropertyDefaultsPostProcessor : For additional web related logging consider setting the 'logging.level.web' property to 'DEBUG'
2024-08-01T17:16:35.712+06:00  INFO 21540 --- [airline] [restartedMain] .s.b.d.c.l.DockerComposeLifecycleManager : Using Docker Compose file 'D:\MyPractice\assessment\apb_tech\airline\compose.yaml'
2024-08-01T17:16:37.829+06:00  INFO 21540 --- [airline] [OutputReader-stderr] o.s.boot.docker.compose.core.DockerCli   :  Container airline-mysql-1  Created
2024-08-01T17:16:37.831+06:00  INFO 21540 --- [airline] [OutputReader-stderr] o.s.boot.docker.compose.core.DockerCli   :  Container airline-mysql-1  Starting
2024-08-01T17:16:37.966+06:00  INFO 21540 --- [airline] [OutputReader-stderr] o.s.boot.docker.compose.core.DockerCli   :  Container airline-mysql-1  Started
2024-08-01T17:16:37.967+06:00  INFO 21540 --- [airline] [OutputReader-stderr] o.s.boot.docker.compose.core.DockerCli   :  Container airline-mysql-1  Waiting
2024-08-01T17:16:38.481+06:00  INFO 21540 --- [airline] [OutputReader-stderr] o.s.boot.docker.compose.core.DockerCli   :  Container airline-mysql-1  Healthy
2024-08-01T17:16:39.993+06:00  INFO 21540 --- [airline] [restartedMain] .s.d.r.c.RepositoryConfigurationDelegate : Bootstrapping Spring Data JPA repositories in DEFAULT mode.
2024-08-01T17:16:40.035+06:00  INFO 21540 --- [airline] [restartedMain] .s.d.r.c.RepositoryConfigurationDelegate : Finished Spring Data repository scanning in 37 ms. Found 4 JPA repository interfaces.
2024-08-01T17:16:40.412+06:00  INFO 21540 --- [airline] [restartedMain] o.s.b.w.embedded.tomcat.TomcatWebServer  : Tomcat initialized with port 8080 (http)
2024-08-01T17:16:40.421+06:00  INFO 21540 --- [airline] [restartedMain] o.apache.catalina.core.StandardService   : Starting service [Tomcat]
2024-08-01T17:16:40.421+06:00  INFO 21540 --- [airline] [restartedMain] o.apache.catalina.core.StandardEngine    : Starting Servlet engine: [Apache Tomcat/10.1.26]
2024-08-01T17:16:40.469+06:00  INFO 21540 --- [airline] [restartedMain] o.a.c.c.C.[Tomcat].[localhost].[/]       : Initializing Spring embedded WebApplicationContext
2024-08-01T17:16:40.469+06:00  INFO 21540 --- [airline] [restartedMain] w.s.c.ServletWebServerApplicationContext : Root WebApplicationContext: initialization completed in 991 ms
2024-08-01T17:16:40.533+06:00  INFO 21540 --- [airline] [restartedMain] com.zaxxer.hikari.HikariDataSource       : HikariPool-1 - Starting...
2024-08-01T17:16:40.752+06:00  INFO 21540 --- [airline] [restartedMain] com.zaxxer.hikari.pool.HikariPool        : HikariPool-1 - Added connection com.mysql.cj.jdbc.ConnectionImpl@6a88615b
2024-08-01T17:16:40.754+06:00  INFO 21540 --- [airline] [restartedMain] com.zaxxer.hikari.HikariDataSource       : HikariPool-1 - Start completed.
2024-08-01T17:16:40.887+06:00  INFO 21540 --- [airline] [restartedMain] o.hibernate.jpa.internal.util.LogHelper  : HHH000204: Processing PersistenceUnitInfo [name: default]
2024-08-01T17:16:40.925+06:00  INFO 21540 --- [airline] [restartedMain] org.hibernate.Version                    : HHH000412: Hibernate ORM core version 6.5.2.Final
2024-08-01T17:16:40.951+06:00  INFO 21540 --- [airline] [restartedMain] o.h.c.internal.RegionFactoryInitiator    : HHH000026: Second-level cache disabled
2024-08-01T17:16:41.193+06:00  INFO 21540 --- [airline] [restartedMain] o.s.o.j.p.SpringPersistenceUnitInfo      : No LoadTimeWeaver setup: ignoring JPA class transformer
2024-08-01T17:16:41.245+06:00  WARN 21540 --- [airline] [restartedMain] org.hibernate.orm.deprecation            : HHH90000025: MySQL8Dialect does not need to be specified explicitly using 'hibernate.dialect' (remove the property setting and it will be selected by default)
2024-08-01T17:16:41.247+06:00  WARN 21540 --- [airline] [restartedMain] org.hibernate.orm.deprecation            : HHH90000026: MySQL8Dialect has been deprecated; use org.hibernate.dialect.MySQLDialect instead
2024-08-01T17:16:41.978+06:00  INFO 21540 --- [airline] [restartedMain] o.h.e.t.j.p.i.JtaPlatformInitiator       : HHH000489: No JTA platform available (set 'hibernate.transaction.jta.platform' to enable JTA platform integration)
2024-08-01T17:16:42.058+06:00  INFO 21540 --- [airline] [restartedMain] j.LocalContainerEntityManagerFactoryBean : Initialized JPA EntityManagerFactory for persistence unit 'default'
2024-08-01T17:16:42.426+06:00  WARN 21540 --- [airline] [restartedMain] JpaBaseConfiguration$JpaWebConfiguration : spring.jpa.open-in-view is enabled by default. Therefore, database queries may be performed during view rendering. Explicitly configure spring.jpa.open-in-view to disable this warning
2024-08-01T17:16:43.337+06:00  INFO 21540 --- [airline] [restartedMain] o.s.b.d.a.OptionalLiveReloadServer       : LiveReload server is running on port 35729
2024-08-01T17:16:43.391+06:00  INFO 21540 --- [airline] [restartedMain] o.s.b.w.embedded.tomcat.TomcatWebServer  : Tomcat started on port 8080 (http) with context path '/'
2024-08-01T17:16:43.405+06:00  INFO 21540 --- [airline] [restartedMain] com.apurba.airline.AirlineApplication    : Started AirlineApplication in 8.101 seconds (process running for 8.726)
2024-08-01T17:16:58.756+06:00  INFO 21540 --- [airline] [SpringApplicationShutdownHook] j.LocalContainerEntityManagerFactoryBean : Closing JPA EntityManagerFactory for persistence unit 'default'
2024-08-01T17:16:58.758+06:00  INFO 21540 --- [airline] [SpringApplicationShutdownHook] com.zaxxer.hikari.HikariDataSource       : HikariPool-1 - Shutdown initiated...
2024-08-01T17:16:58.768+06:00  INFO 21540 --- [airline] [SpringApplicationShutdownHook] com.zaxxer.hikari.HikariDataSource       : HikariPool-1 - Shutdown completed.
2024-08-01T17:17:03.298+06:00  INFO 21728 --- [airline] [restartedMain] com.apurba.airline.AirlineApplication    : Starting AirlineApplication using Java 19.0.2 with PID 21728 (D:\MyPractice\assessment\apb_tech\airline\target\classes started by mushfiq.fuad in D:\MyPractice\assessment\apb_tech\airline)
2024-08-01T17:17:03.301+06:00  INFO 21728 --- [airline] [restartedMain] com.apurba.airline.AirlineApplication    : No active profile set, falling back to 1 default profile: "default"
2024-08-01T17:17:03.361+06:00  INFO 21728 --- [airline] [restartedMain] .e.DevToolsPropertyDefaultsPostProcessor : Devtools property defaults active! Set 'spring.devtools.add-properties' to 'false' to disable
2024-08-01T17:17:03.361+06:00  INFO 21728 --- [airline] [restartedMain] .e.DevToolsPropertyDefaultsPostProcessor : For additional web related logging consider setting the 'logging.level.web' property to 'DEBUG'
2024-08-01T17:17:03.389+06:00  INFO 21728 --- [airline] [restartedMain] .s.b.d.c.l.DockerComposeLifecycleManager : Using Docker Compose file 'D:\MyPractice\assessment\apb_tech\airline\compose.yaml'
2024-08-01T17:17:05.744+06:00  INFO 21728 --- [airline] [OutputReader-stderr] o.s.boot.docker.compose.core.DockerCli   :  Container airline-mysql-1  Created
2024-08-01T17:17:05.747+06:00  INFO 21728 --- [airline] [OutputReader-stderr] o.s.boot.docker.compose.core.DockerCli   :  Container airline-mysql-1  Starting
2024-08-01T17:17:05.895+06:00  INFO 21728 --- [airline] [OutputReader-stderr] o.s.boot.docker.compose.core.DockerCli   :  Container airline-mysql-1  Started
2024-08-01T17:17:05.896+06:00  INFO 21728 --- [airline] [OutputReader-stderr] o.s.boot.docker.compose.core.DockerCli   :  Container airline-mysql-1  Waiting
2024-08-01T17:17:06.404+06:00  INFO 21728 --- [airline] [OutputReader-stderr] o.s.boot.docker.compose.core.DockerCli   :  Container airline-mysql-1  Healthy
2024-08-01T17:17:08.290+06:00  INFO 21728 --- [airline] [restartedMain] .s.d.r.c.RepositoryConfigurationDelegate : Bootstrapping Spring Data JPA repositories in DEFAULT mode.
2024-08-01T17:17:08.357+06:00  INFO 21728 --- [airline] [restartedMain] .s.d.r.c.RepositoryConfigurationDelegate : Finished Spring Data repository scanning in 60 ms. Found 4 JPA repository interfaces.
2024-08-01T17:17:08.829+06:00  INFO 21728 --- [airline] [restartedMain] o.s.b.w.embedded.tomcat.TomcatWebServer  : Tomcat initialized with port 8080 (http)
2024-08-01T17:17:08.839+06:00  INFO 21728 --- [airline] [restartedMain] o.apache.catalina.core.StandardService   : Starting service [Tomcat]
2024-08-01T17:17:08.840+06:00  INFO 21728 --- [airline] [restartedMain] o.apache.catalina.core.StandardEngine    : Starting Servlet engine: [Apache Tomcat/10.1.26]
2024-08-01T17:17:08.892+06:00  INFO 21728 --- [airline] [restartedMain] o.a.c.c.C.[Tomcat].[localhost].[/]       : Initializing Spring embedded WebApplicationContext
2024-08-01T17:17:08.892+06:00  INFO 21728 --- [airline] [restartedMain] w.s.c.ServletWebServerApplicationContext : Root WebApplicationContext: initialization completed in 1293 ms
2024-08-01T17:17:08.970+06:00  INFO 21728 --- [airline] [restartedMain] com.zaxxer.hikari.HikariDataSource       : HikariPool-1 - Starting...
2024-08-01T17:17:09.252+06:00  INFO 21728 --- [airline] [restartedMain] com.zaxxer.hikari.pool.HikariPool        : HikariPool-1 - Added connection com.mysql.cj.jdbc.ConnectionImpl@a759fd9
2024-08-01T17:17:09.255+06:00  INFO 21728 --- [airline] [restartedMain] com.zaxxer.hikari.HikariDataSource       : HikariPool-1 - Start completed.
2024-08-01T17:17:09.464+06:00  INFO 21728 --- [airline] [restartedMain] o.hibernate.jpa.internal.util.LogHelper  : HHH000204: Processing PersistenceUnitInfo [name: default]
2024-08-01T17:17:09.535+06:00  INFO 21728 --- [airline] [restartedMain] org.hibernate.Version                    : HHH000412: Hibernate ORM core version 6.5.2.Final
2024-08-01T17:17:09.576+06:00  INFO 21728 --- [airline] [restartedMain] o.h.c.internal.RegionFactoryInitiator    : HHH000026: Second-level cache disabled
2024-08-01T17:17:10.103+06:00  INFO 21728 --- [airline] [restartedMain] o.s.o.j.p.SpringPersistenceUnitInfo      : No LoadTimeWeaver setup: ignoring JPA class transformer
2024-08-01T17:17:10.204+06:00  WARN 21728 --- [airline] [restartedMain] org.hibernate.orm.deprecation            : HHH90000025: MySQL8Dialect does not need to be specified explicitly using 'hibernate.dialect' (remove the property setting and it will be selected by default)
2024-08-01T17:17:10.206+06:00  WARN 21728 --- [airline] [restartedMain] org.hibernate.orm.deprecation            : HHH90000026: MySQL8Dialect has been deprecated; use org.hibernate.dialect.MySQLDialect instead
2024-08-01T17:17:11.332+06:00  INFO 21728 --- [airline] [restartedMain] o.h.e.t.j.p.i.JtaPlatformInitiator       : HHH000489: No JTA platform available (set 'hibernate.transaction.jta.platform' to enable JTA platform integration)
2024-08-01T17:17:11.430+06:00  INFO 21728 --- [airline] [restartedMain] j.LocalContainerEntityManagerFactoryBean : Initialized JPA EntityManagerFactory for persistence unit 'default'
2024-08-01T17:17:11.837+06:00  WARN 21728 --- [airline] [restartedMain] JpaBaseConfiguration$JpaWebConfiguration : spring.jpa.open-in-view is enabled by default. Therefore, database queries may be performed during view rendering. Explicitly configure spring.jpa.open-in-view to disable this warning
2024-08-01T17:17:13.171+06:00  INFO 21728 --- [airline] [restartedMain] o.s.b.d.a.OptionalLiveReloadServer       : LiveReload server is running on port 35729
2024-08-01T17:17:13.253+06:00  INFO 21728 --- [airline] [restartedMain] o.s.b.w.embedded.tomcat.TomcatWebServer  : Tomcat started on port 8080 (http) with context path '/'
2024-08-01T17:17:13.275+06:00  INFO 21728 --- [airline] [restartedMain] com.apurba.airline.AirlineApplication    : Started AirlineApplication in 10.466 seconds (process running for 11.319)
2024-08-01T17:17:14.686+06:00  INFO 21728 --- [airline] [http-nio-8080-exec-1] o.a.c.c.C.[Tomcat].[localhost].[/]       : Initializing Spring DispatcherServlet 'dispatcherServlet'
2024-08-01T17:17:14.686+06:00  INFO 21728 --- [airline] [http-nio-8080-exec-1] o.s.web.servlet.DispatcherServlet        : Initializing Servlet 'dispatcherServlet'
2024-08-01T17:17:14.687+06:00  INFO 21728 --- [airline] [http-nio-8080-exec-1] o.s.web.servlet.DispatcherServlet        : Completed initialization in 1 ms
2024-08-01T17:17:14.747+06:00  INFO 21728 --- [airline] [http-nio-8080-exec-1] c.a.airline.Controller.SalesController   : Received request to get total sales amount for date: 2024-07-30
2024-08-01T17:17:14.997+06:00  INFO 21728 --- [airline] [http-nio-8080-exec-1] c.a.airline.Controller.SalesController   : Total sales amount for date 2024-07-30: 10600.0
2024-08-01T17:17:19.519+06:00  INFO 21728 --- [airline] [http-nio-8080-exec-3] c.a.airline.Controller.SalesController   : Received request to get total sales amount for date: 2024-07-30
2024-08-01T17:17:19.538+06:00  INFO 21728 --- [airline] [http-nio-8080-exec-3] c.a.airline.Controller.SalesController   : Total sales amount for date 2024-07-30: 10600.0
2024-08-01T17:17:40.210+06:00  INFO 21728 --- [airline] [http-nio-8080-exec-4] c.a.airline.Controller.SalesController   : Received request to get total sales amount for date: 2024-07-30
2024-08-01T17:17:40.232+06:00  INFO 21728 --- [airline] [http-nio-8080-exec-4] c.a.airline.Controller.SalesController   : Total sales amount for date 2024-07-30: 10600.0
2024-08-01T17:17:43.880+06:00  INFO 21728 --- [airline] [http-nio-8080-exec-5] c.a.airline.Controller.SalesController   : Received request to get total sales amount for date: 2024-07-30
2024-08-01T17:17:43.897+06:00  INFO 21728 --- [airline] [http-nio-8080-exec-5] c.a.airline.Controller.SalesController   : Total sales amount for date 2024-07-30: 10600.0
2024-08-01T17:17:59.795+06:00  INFO 21728 --- [airline] [http-nio-8080-exec-6] c.a.airline.Controller.SalesController   : Received request to get total sales amount for date: 2024-07-20
2024-08-01T17:17:59.808+06:00  INFO 21728 --- [airline] [http-nio-8080-exec-6] c.a.airline.Controller.SalesController   : Total sales amount for date 2024-07-20: 0.0
2024-08-01T17:18:06.518+06:00  INFO 21728 --- [airline] [http-nio-8080-exec-7] c.a.airline.Controller.SalesController   : Received request to get total sales amount for date: 2024-07-28
2024-08-01T17:18:06.537+06:00  INFO 21728 --- [airline] [http-nio-8080-exec-7] c.a.airline.Controller.SalesController   : Total sales amount for date 2024-07-28: 4100.0
2024-08-01T17:21:29.002+06:00  INFO 21728 --- [airline] [SpringApplicationShutdownHook] j.LocalContainerEntityManagerFactoryBean : Closing JPA EntityManagerFactory for persistence unit 'default'
2024-08-01T17:21:29.006+06:00  INFO 21728 --- [airline] [SpringApplicationShutdownHook] com.zaxxer.hikari.HikariDataSource       : HikariPool-1 - Shutdown initiated...
2024-08-01T17:21:29.018+06:00  INFO 21728 --- [airline] [SpringApplicationShutdownHook] com.zaxxer.hikari.HikariDataSource       : HikariPool-1 - Shutdown completed.
